<?xml version="1.0" encoding="UTF-8"?>
<testsuite name="dev.araga.utiltests.ConnectionTest" tests="1" skipped="0" failures="0" errors="0" timestamp="2021-02-24T18:38:47" hostname="Samuels-MacBook-Air.local" time="1.248">
  <properties/>
  <testcase name="generates_connection()" classname="dev.araga.utiltests.ConnectionTest" time="1.248"/>
  <system-out><![CDATA[PATH
SHELL
CONDA_DEFAULT_ENV
CONDA_EXE
JAVA_MAIN_CLASS_11824
CONDA_PYTHON_EXE
USER
TMPDIR
COMMAND_MODE
CONDA_PREFIX
SSH_AUTH_SOCK
_CE_CONDA
DISPLAY
XPC_FLAGS
_CE_M
__CF_USER_TEXT_ENCODING
CONDA_PROMPT_MODIFIER
LOGNAME
LC_CTYPE
XPC_SERVICE_NAME
CONDA_SHLVL
HOME
org.postgresql.jdbc.PgConnection@5a8dbe1
]]></system-out>
  <system-err><![CDATA[]]></system-err>
</testsuite>
